<?xml version="1.0" encoding="UTF-8"?>
<!-- Generated by org.testng.reporters.JUnitReportReporter -->
<testsuite hostname="WINSS251352-GPY" name="API.Test_API" tests="1" failures="0" timestamp="14 Jun 2018 04:09:14 GMT" time="3.871" errors="0">
  <testcase name="Get_API_Response" time="3.871" classname="API.Test_API"/>
</testsuite> <!-- API.Test_API -->
